16:27:58,620 ERROR common.JdomUtil(105) - xml格式有误，解析失败！
org.jdom.input.JDOMParseException: Error on line 1: Content is not allowed in prolog.
	at org.jdom.input.SAXBuilder.build(SAXBuilder.java:504)
	at org.jdom.input.SAXBuilder.build(SAXBuilder.java:888)
	at com.sinosoft.midplat.common.JdomUtil.build(JdomUtil.java:102)
	at com.sinosoft.midplat.common.JdomUtil.build(JdomUtil.java:90)
	at com.sinosoft.midplat.newccb.format.NewCont.main(NewCont.java:286)
Caused by: org.xml.sax.SAXParseException: Content is not allowed in prolog.
	at org.apache.xerces.util.ErrorHandlerWrapper.createSAXParseException(Unknown Source)
	at org.apache.xerces.util.ErrorHandlerWrapper.fatalError(Unknown Source)
	at org.apache.xerces.impl.XMLErrorReporter.reportError(Unknown Source)
	at org.apache.xerces.impl.XMLErrorReporter.reportError(Unknown Source)
	at org.apache.xerces.impl.XMLErrorReporter.reportError(Unknown Source)
	at org.apache.xerces.impl.XMLScanner.reportFatalError(Unknown Source)
	at org.apache.xerces.impl.XMLDocumentScannerImpl$PrologDispatcher.dispatch(Unknown Source)
	at org.apache.xerces.impl.XMLDocumentFragmentScannerImpl.scanDocument(Unknown Source)
	at org.apache.xerces.parsers.XML11Configuration.parse(Unknown Source)
	at org.apache.xerces.parsers.XML11Configuration.parse(Unknown Source)
	at org.apache.xerces.parsers.XMLParser.parse(Unknown Source)
	at org.apache.xerces.parsers.AbstractSAXParser.parse(Unknown Source)
	at org.apache.xerces.jaxp.SAXParserImpl$JAXPSAXParser.parse(Unknown Source)
	at org.jdom.input.SAXBuilder.build(SAXBuilder.java:489)
	... 4 more
Caused by: 
org.xml.sax.SAXParseException: Content is not allowed in prolog.
	at org.apache.xerces.util.ErrorHandlerWrapper.createSAXParseException(Unknown Source)
	at org.apache.xerces.util.ErrorHandlerWrapper.fatalError(Unknown Source)
	at org.apache.xerces.impl.XMLErrorReporter.reportError(Unknown Source)
	at org.apache.xerces.impl.XMLErrorReporter.reportError(Unknown Source)
	at org.apache.xerces.impl.XMLErrorReporter.reportError(Unknown Source)
	at org.apache.xerces.impl.XMLScanner.reportFatalError(Unknown Source)
	at org.apache.xerces.impl.XMLDocumentScannerImpl$PrologDispatcher.dispatch(Unknown Source)
	at org.apache.xerces.impl.XMLDocumentFragmentScannerImpl.scanDocument(Unknown Source)
	at org.apache.xerces.parsers.XML11Configuration.parse(Unknown Source)
	at org.apache.xerces.parsers.XML11Configuration.parse(Unknown Source)
	at org.apache.xerces.parsers.XMLParser.parse(Unknown Source)
	at org.apache.xerces.parsers.AbstractSAXParser.parse(Unknown Source)
	at org.apache.xerces.jaxp.SAXParserImpl$JAXPSAXParser.parse(Unknown Source)
	at org.jdom.input.SAXBuilder.build(SAXBuilder.java:489)
	at org.jdom.input.SAXBuilder.build(SAXBuilder.java:888)
	at com.sinosoft.midplat.common.JdomUtil.build(JdomUtil.java:102)
	at com.sinosoft.midplat.common.JdomUtil.build(JdomUtil.java:90)
	at com.sinosoft.midplat.newccb.format.NewCont.main(NewCont.java:286)
16:27:58,670 INFO format.NewCont(68) - Into NewCont.noStd2Std()...
16:30:20,856 ERROR common.JdomUtil(105) - xml格式有误，解析失败！
org.jdom.input.JDOMParseException: Error on line 1: Content is not allowed in prolog.
	at org.jdom.input.SAXBuilder.build(SAXBuilder.java:504)
	at org.jdom.input.SAXBuilder.build(SAXBuilder.java:888)
	at com.sinosoft.midplat.common.JdomUtil.build(JdomUtil.java:102)
	at com.sinosoft.midplat.common.JdomUtil.build(JdomUtil.java:90)
	at com.sinosoft.midplat.newccb.format.NewCont.main(NewCont.java:286)
Caused by: org.xml.sax.SAXParseException: Content is not allowed in prolog.
	at org.apache.xerces.util.ErrorHandlerWrapper.createSAXParseException(Unknown Source)
	at org.apache.xerces.util.ErrorHandlerWrapper.fatalError(Unknown Source)
	at org.apache.xerces.impl.XMLErrorReporter.reportError(Unknown Source)
	at org.apache.xerces.impl.XMLErrorReporter.reportError(Unknown Source)
	at org.apache.xerces.impl.XMLErrorReporter.reportError(Unknown Source)
	at org.apache.xerces.impl.XMLScanner.reportFatalError(Unknown Source)
	at org.apache.xerces.impl.XMLDocumentScannerImpl$PrologDispatcher.dispatch(Unknown Source)
	at org.apache.xerces.impl.XMLDocumentFragmentScannerImpl.scanDocument(Unknown Source)
	at org.apache.xerces.parsers.XML11Configuration.parse(Unknown Source)
	at org.apache.xerces.parsers.XML11Configuration.parse(Unknown Source)
	at org.apache.xerces.parsers.XMLParser.parse(Unknown Source)
	at org.apache.xerces.parsers.AbstractSAXParser.parse(Unknown Source)
	at org.apache.xerces.jaxp.SAXParserImpl$JAXPSAXParser.parse(Unknown Source)
	at org.jdom.input.SAXBuilder.build(SAXBuilder.java:489)
	... 4 more
Caused by: 
org.xml.sax.SAXParseException: Content is not allowed in prolog.
	at org.apache.xerces.util.ErrorHandlerWrapper.createSAXParseException(Unknown Source)
	at org.apache.xerces.util.ErrorHandlerWrapper.fatalError(Unknown Source)
	at org.apache.xerces.impl.XMLErrorReporter.reportError(Unknown Source)
	at org.apache.xerces.impl.XMLErrorReporter.reportError(Unknown Source)
	at org.apache.xerces.impl.XMLErrorReporter.reportError(Unknown Source)
	at org.apache.xerces.impl.XMLScanner.reportFatalError(Unknown Source)
	at org.apache.xerces.impl.XMLDocumentScannerImpl$PrologDispatcher.dispatch(Unknown Source)
	at org.apache.xerces.impl.XMLDocumentFragmentScannerImpl.scanDocument(Unknown Source)
	at org.apache.xerces.parsers.XML11Configuration.parse(Unknown Source)
	at org.apache.xerces.parsers.XML11Configuration.parse(Unknown Source)
	at org.apache.xerces.parsers.XMLParser.parse(Unknown Source)
	at org.apache.xerces.parsers.AbstractSAXParser.parse(Unknown Source)
	at org.apache.xerces.jaxp.SAXParserImpl$JAXPSAXParser.parse(Unknown Source)
	at org.jdom.input.SAXBuilder.build(SAXBuilder.java:489)
	at org.jdom.input.SAXBuilder.build(SAXBuilder.java:888)
	at com.sinosoft.midplat.common.JdomUtil.build(JdomUtil.java:102)
	at com.sinosoft.midplat.common.JdomUtil.build(JdomUtil.java:90)
	at com.sinosoft.midplat.newccb.format.NewCont.main(NewCont.java:286)
16:30:20,866 INFO format.NewCont(68) - Into NewCont.noStd2Std()...
16:33:16,277 ERROR common.JdomUtil(105) - xml格式有误，解析失败！
org.jdom.input.JDOMParseException: Error on line 1: Content is not allowed in prolog.
	at org.jdom.input.SAXBuilder.build(SAXBuilder.java:504)
	at org.jdom.input.SAXBuilder.build(SAXBuilder.java:888)
	at com.sinosoft.midplat.common.JdomUtil.build(JdomUtil.java:102)
	at com.sinosoft.midplat.common.JdomUtil.build(JdomUtil.java:90)
	at com.sinosoft.midplat.newccb.format.NewCont.main(NewCont.java:286)
Caused by: org.xml.sax.SAXParseException: Content is not allowed in prolog.
	at org.apache.xerces.util.ErrorHandlerWrapper.createSAXParseException(Unknown Source)
	at org.apache.xerces.util.ErrorHandlerWrapper.fatalError(Unknown Source)
	at org.apache.xerces.impl.XMLErrorReporter.reportError(Unknown Source)
	at org.apache.xerces.impl.XMLErrorReporter.reportError(Unknown Source)
	at org.apache.xerces.impl.XMLErrorReporter.reportError(Unknown Source)
	at org.apache.xerces.impl.XMLScanner.reportFatalError(Unknown Source)
	at org.apache.xerces.impl.XMLDocumentScannerImpl$PrologDispatcher.dispatch(Unknown Source)
	at org.apache.xerces.impl.XMLDocumentFragmentScannerImpl.scanDocument(Unknown Source)
	at org.apache.xerces.parsers.XML11Configuration.parse(Unknown Source)
	at org.apache.xerces.parsers.XML11Configuration.parse(Unknown Source)
	at org.apache.xerces.parsers.XMLParser.parse(Unknown Source)
	at org.apache.xerces.parsers.AbstractSAXParser.parse(Unknown Source)
	at org.apache.xerces.jaxp.SAXParserImpl$JAXPSAXParser.parse(Unknown Source)
	at org.jdom.input.SAXBuilder.build(SAXBuilder.java:489)
	... 4 more
Caused by: 
org.xml.sax.SAXParseException: Content is not allowed in prolog.
	at org.apache.xerces.util.ErrorHandlerWrapper.createSAXParseException(Unknown Source)
	at org.apache.xerces.util.ErrorHandlerWrapper.fatalError(Unknown Source)
	at org.apache.xerces.impl.XMLErrorReporter.reportError(Unknown Source)
	at org.apache.xerces.impl.XMLErrorReporter.reportError(Unknown Source)
	at org.apache.xerces.impl.XMLErrorReporter.reportError(Unknown Source)
	at org.apache.xerces.impl.XMLScanner.reportFatalError(Unknown Source)
	at org.apache.xerces.impl.XMLDocumentScannerImpl$PrologDispatcher.dispatch(Unknown Source)
	at org.apache.xerces.impl.XMLDocumentFragmentScannerImpl.scanDocument(Unknown Source)
	at org.apache.xerces.parsers.XML11Configuration.parse(Unknown Source)
	at org.apache.xerces.parsers.XML11Configuration.parse(Unknown Source)
	at org.apache.xerces.parsers.XMLParser.parse(Unknown Source)
	at org.apache.xerces.parsers.AbstractSAXParser.parse(Unknown Source)
	at org.apache.xerces.jaxp.SAXParserImpl$JAXPSAXParser.parse(Unknown Source)
	at org.jdom.input.SAXBuilder.build(SAXBuilder.java:489)
	at org.jdom.input.SAXBuilder.build(SAXBuilder.java:888)
	at com.sinosoft.midplat.common.JdomUtil.build(JdomUtil.java:102)
	at com.sinosoft.midplat.common.JdomUtil.build(JdomUtil.java:90)
	at com.sinosoft.midplat.newccb.format.NewCont.main(NewCont.java:286)
16:33:16,287 INFO format.NewCont(68) - Into NewCont.noStd2Std()...
16:37:37,559 ERROR common.JdomUtil(105) - xml格式有误，解析失败！
org.jdom.input.JDOMParseException: Error on line 1: Content is not allowed in prolog.
	at org.jdom.input.SAXBuilder.build(SAXBuilder.java:504)
	at org.jdom.input.SAXBuilder.build(SAXBuilder.java:888)
	at com.sinosoft.midplat.common.JdomUtil.build(JdomUtil.java:102)
	at com.sinosoft.midplat.common.JdomUtil.build(JdomUtil.java:90)
	at com.sinosoft.midplat.newccb.format.NewCont.main(NewCont.java:286)
Caused by: org.xml.sax.SAXParseException: Content is not allowed in prolog.
	at org.apache.xerces.util.ErrorHandlerWrapper.createSAXParseException(Unknown Source)
	at org.apache.xerces.util.ErrorHandlerWrapper.fatalError(Unknown Source)
	at org.apache.xerces.impl.XMLErrorReporter.reportError(Unknown Source)
	at org.apache.xerces.impl.XMLErrorReporter.reportError(Unknown Source)
	at org.apache.xerces.impl.XMLErrorReporter.reportError(Unknown Source)
	at org.apache.xerces.impl.XMLScanner.reportFatalError(Unknown Source)
	at org.apache.xerces.impl.XMLDocumentScannerImpl$PrologDispatcher.dispatch(Unknown Source)
	at org.apache.xerces.impl.XMLDocumentFragmentScannerImpl.scanDocument(Unknown Source)
	at org.apache.xerces.parsers.XML11Configuration.parse(Unknown Source)
	at org.apache.xerces.parsers.XML11Configuration.parse(Unknown Source)
	at org.apache.xerces.parsers.XMLParser.parse(Unknown Source)
	at org.apache.xerces.parsers.AbstractSAXParser.parse(Unknown Source)
	at org.apache.xerces.jaxp.SAXParserImpl$JAXPSAXParser.parse(Unknown Source)
	at org.jdom.input.SAXBuilder.build(SAXBuilder.java:489)
	... 4 more
Caused by: 
org.xml.sax.SAXParseException: Content is not allowed in prolog.
	at org.apache.xerces.util.ErrorHandlerWrapper.createSAXParseException(Unknown Source)
	at org.apache.xerces.util.ErrorHandlerWrapper.fatalError(Unknown Source)
	at org.apache.xerces.impl.XMLErrorReporter.reportError(Unknown Source)
	at org.apache.xerces.impl.XMLErrorReporter.reportError(Unknown Source)
	at org.apache.xerces.impl.XMLErrorReporter.reportError(Unknown Source)
	at org.apache.xerces.impl.XMLScanner.reportFatalError(Unknown Source)
	at org.apache.xerces.impl.XMLDocumentScannerImpl$PrologDispatcher.dispatch(Unknown Source)
	at org.apache.xerces.impl.XMLDocumentFragmentScannerImpl.scanDocument(Unknown Source)
	at org.apache.xerces.parsers.XML11Configuration.parse(Unknown Source)
	at org.apache.xerces.parsers.XML11Configuration.parse(Unknown Source)
	at org.apache.xerces.parsers.XMLParser.parse(Unknown Source)
	at org.apache.xerces.parsers.AbstractSAXParser.parse(Unknown Source)
	at org.apache.xerces.jaxp.SAXParserImpl$JAXPSAXParser.parse(Unknown Source)
	at org.jdom.input.SAXBuilder.build(SAXBuilder.java:489)
	at org.jdom.input.SAXBuilder.build(SAXBuilder.java:888)
	at com.sinosoft.midplat.common.JdomUtil.build(JdomUtil.java:102)
	at com.sinosoft.midplat.common.JdomUtil.build(JdomUtil.java:90)
	at com.sinosoft.midplat.newccb.format.NewCont.main(NewCont.java:286)
16:37:37,569 INFO format.NewCont(68) - Into NewCont.noStd2Std()...
16:38:20,262 ERROR common.JdomUtil(105) - xml格式有误，解析失败！
org.jdom.input.JDOMParseException: Error on line 1: Content is not allowed in prolog.
	at org.jdom.input.SAXBuilder.build(SAXBuilder.java:504)
	at org.jdom.input.SAXBuilder.build(SAXBuilder.java:888)
	at com.sinosoft.midplat.common.JdomUtil.build(JdomUtil.java:102)
	at com.sinosoft.midplat.common.JdomUtil.build(JdomUtil.java:90)
	at com.sinosoft.midplat.newccb.format.NewCont.main(NewCont.java:286)
Caused by: org.xml.sax.SAXParseException: Content is not allowed in prolog.
	at org.apache.xerces.util.ErrorHandlerWrapper.createSAXParseException(Unknown Source)
	at org.apache.xerces.util.ErrorHandlerWrapper.fatalError(Unknown Source)
	at org.apache.xerces.impl.XMLErrorReporter.reportError(Unknown Source)
	at org.apache.xerces.impl.XMLErrorReporter.reportError(Unknown Source)
	at org.apache.xerces.impl.XMLErrorReporter.reportError(Unknown Source)
	at org.apache.xerces.impl.XMLScanner.reportFatalError(Unknown Source)
	at org.apache.xerces.impl.XMLDocumentScannerImpl$PrologDispatcher.dispatch(Unknown Source)
	at org.apache.xerces.impl.XMLDocumentFragmentScannerImpl.scanDocument(Unknown Source)
	at org.apache.xerces.parsers.XML11Configuration.parse(Unknown Source)
	at org.apache.xerces.parsers.XML11Configuration.parse(Unknown Source)
	at org.apache.xerces.parsers.XMLParser.parse(Unknown Source)
	at org.apache.xerces.parsers.AbstractSAXParser.parse(Unknown Source)
	at org.apache.xerces.jaxp.SAXParserImpl$JAXPSAXParser.parse(Unknown Source)
	at org.jdom.input.SAXBuilder.build(SAXBuilder.java:489)
	... 4 more
Caused by: 
org.xml.sax.SAXParseException: Content is not allowed in prolog.
	at org.apache.xerces.util.ErrorHandlerWrapper.createSAXParseException(Unknown Source)
	at org.apache.xerces.util.ErrorHandlerWrapper.fatalError(Unknown Source)
	at org.apache.xerces.impl.XMLErrorReporter.reportError(Unknown Source)
	at org.apache.xerces.impl.XMLErrorReporter.reportError(Unknown Source)
	at org.apache.xerces.impl.XMLErrorReporter.reportError(Unknown Source)
	at org.apache.xerces.impl.XMLScanner.reportFatalError(Unknown Source)
	at org.apache.xerces.impl.XMLDocumentScannerImpl$PrologDispatcher.dispatch(Unknown Source)
	at org.apache.xerces.impl.XMLDocumentFragmentScannerImpl.scanDocument(Unknown Source)
	at org.apache.xerces.parsers.XML11Configuration.parse(Unknown Source)
	at org.apache.xerces.parsers.XML11Configuration.parse(Unknown Source)
	at org.apache.xerces.parsers.XMLParser.parse(Unknown Source)
	at org.apache.xerces.parsers.AbstractSAXParser.parse(Unknown Source)
	at org.apache.xerces.jaxp.SAXParserImpl$JAXPSAXParser.parse(Unknown Source)
	at org.jdom.input.SAXBuilder.build(SAXBuilder.java:489)
	at org.jdom.input.SAXBuilder.build(SAXBuilder.java:888)
	at com.sinosoft.midplat.common.JdomUtil.build(JdomUtil.java:102)
	at com.sinosoft.midplat.common.JdomUtil.build(JdomUtil.java:90)
	at com.sinosoft.midplat.newccb.format.NewCont.main(NewCont.java:286)
16:38:20,272 INFO format.NewCont(68) - Into NewCont.noStd2Std()...
16:40:18,532 ERROR common.JdomUtil(105) - xml格式有误，解析失败！
org.jdom.input.JDOMParseException: Error on line 1: Content is not allowed in prolog.
	at org.jdom.input.SAXBuilder.build(SAXBuilder.java:504)
	at org.jdom.input.SAXBuilder.build(SAXBuilder.java:888)
	at com.sinosoft.midplat.common.JdomUtil.build(JdomUtil.java:102)
	at com.sinosoft.midplat.common.JdomUtil.build(JdomUtil.java:90)
	at com.sinosoft.midplat.newccb.format.NewCont.main(NewCont.java:286)
Caused by: org.xml.sax.SAXParseException: Content is not allowed in prolog.
	at org.apache.xerces.util.ErrorHandlerWrapper.createSAXParseException(Unknown Source)
	at org.apache.xerces.util.ErrorHandlerWrapper.fatalError(Unknown Source)
	at org.apache.xerces.impl.XMLErrorReporter.reportError(Unknown Source)
	at org.apache.xerces.impl.XMLErrorReporter.reportError(Unknown Source)
	at org.apache.xerces.impl.XMLErrorReporter.reportError(Unknown Source)
	at org.apache.xerces.impl.XMLScanner.reportFatalError(Unknown Source)
	at org.apache.xerces.impl.XMLDocumentScannerImpl$PrologDispatcher.dispatch(Unknown Source)
	at org.apache.xerces.impl.XMLDocumentFragmentScannerImpl.scanDocument(Unknown Source)
	at org.apache.xerces.parsers.XML11Configuration.parse(Unknown Source)
	at org.apache.xerces.parsers.XML11Configuration.parse(Unknown Source)
	at org.apache.xerces.parsers.XMLParser.parse(Unknown Source)
	at org.apache.xerces.parsers.AbstractSAXParser.parse(Unknown Source)
	at org.apache.xerces.jaxp.SAXParserImpl$JAXPSAXParser.parse(Unknown Source)
	at org.jdom.input.SAXBuilder.build(SAXBuilder.java:489)
	... 4 more
Caused by: 
org.xml.sax.SAXParseException: Content is not allowed in prolog.
	at org.apache.xerces.util.ErrorHandlerWrapper.createSAXParseException(Unknown Source)
	at org.apache.xerces.util.ErrorHandlerWrapper.fatalError(Unknown Source)
	at org.apache.xerces.impl.XMLErrorReporter.reportError(Unknown Source)
	at org.apache.xerces.impl.XMLErrorReporter.reportError(Unknown Source)
	at org.apache.xerces.impl.XMLErrorReporter.reportError(Unknown Source)
	at org.apache.xerces.impl.XMLScanner.reportFatalError(Unknown Source)
	at org.apache.xerces.impl.XMLDocumentScannerImpl$PrologDispatcher.dispatch(Unknown Source)
	at org.apache.xerces.impl.XMLDocumentFragmentScannerImpl.scanDocument(Unknown Source)
	at org.apache.xerces.parsers.XML11Configuration.parse(Unknown Source)
	at org.apache.xerces.parsers.XML11Configuration.parse(Unknown Source)
	at org.apache.xerces.parsers.XMLParser.parse(Unknown Source)
	at org.apache.xerces.parsers.AbstractSAXParser.parse(Unknown Source)
	at org.apache.xerces.jaxp.SAXParserImpl$JAXPSAXParser.parse(Unknown Source)
	at org.jdom.input.SAXBuilder.build(SAXBuilder.java:489)
	at org.jdom.input.SAXBuilder.build(SAXBuilder.java:888)
	at com.sinosoft.midplat.common.JdomUtil.build(JdomUtil.java:102)
	at com.sinosoft.midplat.common.JdomUtil.build(JdomUtil.java:90)
	at com.sinosoft.midplat.newccb.format.NewCont.main(NewCont.java:286)
16:40:18,532 INFO format.NewCont(68) - Into NewCont.noStd2Std()...
16:40:54,245 ERROR common.JdomUtil(105) - xml格式有误，解析失败！
org.jdom.input.JDOMParseException: Error on line 1: Content is not allowed in prolog.
	at org.jdom.input.SAXBuilder.build(SAXBuilder.java:504)
	at org.jdom.input.SAXBuilder.build(SAXBuilder.java:888)
	at com.sinosoft.midplat.common.JdomUtil.build(JdomUtil.java:102)
	at com.sinosoft.midplat.common.JdomUtil.build(JdomUtil.java:90)
	at com.sinosoft.midplat.newccb.format.NewCont.main(NewCont.java:286)
Caused by: org.xml.sax.SAXParseException: Content is not allowed in prolog.
	at org.apache.xerces.util.ErrorHandlerWrapper.createSAXParseException(Unknown Source)
	at org.apache.xerces.util.ErrorHandlerWrapper.fatalError(Unknown Source)
	at org.apache.xerces.impl.XMLErrorReporter.reportError(Unknown Source)
	at org.apache.xerces.impl.XMLErrorReporter.reportError(Unknown Source)
	at org.apache.xerces.impl.XMLErrorReporter.reportError(Unknown Source)
	at org.apache.xerces.impl.XMLScanner.reportFatalError(Unknown Source)
	at org.apache.xerces.impl.XMLDocumentScannerImpl$PrologDispatcher.dispatch(Unknown Source)
	at org.apache.xerces.impl.XMLDocumentFragmentScannerImpl.scanDocument(Unknown Source)
	at org.apache.xerces.parsers.XML11Configuration.parse(Unknown Source)
	at org.apache.xerces.parsers.XML11Configuration.parse(Unknown Source)
	at org.apache.xerces.parsers.XMLParser.parse(Unknown Source)
	at org.apache.xerces.parsers.AbstractSAXParser.parse(Unknown Source)
	at org.apache.xerces.jaxp.SAXParserImpl$JAXPSAXParser.parse(Unknown Source)
	at org.jdom.input.SAXBuilder.build(SAXBuilder.java:489)
	... 4 more
Caused by: 
org.xml.sax.SAXParseException: Content is not allowed in prolog.
	at org.apache.xerces.util.ErrorHandlerWrapper.createSAXParseException(Unknown Source)
	at org.apache.xerces.util.ErrorHandlerWrapper.fatalError(Unknown Source)
	at org.apache.xerces.impl.XMLErrorReporter.reportError(Unknown Source)
	at org.apache.xerces.impl.XMLErrorReporter.reportError(Unknown Source)
	at org.apache.xerces.impl.XMLErrorReporter.reportError(Unknown Source)
	at org.apache.xerces.impl.XMLScanner.reportFatalError(Unknown Source)
	at org.apache.xerces.impl.XMLDocumentScannerImpl$PrologDispatcher.dispatch(Unknown Source)
	at org.apache.xerces.impl.XMLDocumentFragmentScannerImpl.scanDocument(Unknown Source)
	at org.apache.xerces.parsers.XML11Configuration.parse(Unknown Source)
	at org.apache.xerces.parsers.XML11Configuration.parse(Unknown Source)
	at org.apache.xerces.parsers.XMLParser.parse(Unknown Source)
	at org.apache.xerces.parsers.AbstractSAXParser.parse(Unknown Source)
	at org.apache.xerces.jaxp.SAXParserImpl$JAXPSAXParser.parse(Unknown Source)
	at org.jdom.input.SAXBuilder.build(SAXBuilder.java:489)
	at org.jdom.input.SAXBuilder.build(SAXBuilder.java:888)
	at com.sinosoft.midplat.common.JdomUtil.build(JdomUtil.java:102)
	at com.sinosoft.midplat.common.JdomUtil.build(JdomUtil.java:90)
	at com.sinosoft.midplat.newccb.format.NewCont.main(NewCont.java:286)
16:40:54,245 INFO format.NewCont(68) - Into NewCont.noStd2Std()...
16:41:35,389 ERROR common.JdomUtil(105) - xml格式有误，解析失败！
org.jdom.input.JDOMParseException: Error on line 1: Content is not allowed in prolog.
	at org.jdom.input.SAXBuilder.build(SAXBuilder.java:504)
	at org.jdom.input.SAXBuilder.build(SAXBuilder.java:888)
	at com.sinosoft.midplat.common.JdomUtil.build(JdomUtil.java:102)
	at com.sinosoft.midplat.common.JdomUtil.build(JdomUtil.java:90)
	at com.sinosoft.midplat.newccb.format.NewCont.main(NewCont.java:286)
Caused by: org.xml.sax.SAXParseException: Content is not allowed in prolog.
	at org.apache.xerces.util.ErrorHandlerWrapper.createSAXParseException(Unknown Source)
	at org.apache.xerces.util.ErrorHandlerWrapper.fatalError(Unknown Source)
	at org.apache.xerces.impl.XMLErrorReporter.reportError(Unknown Source)
	at org.apache.xerces.impl.XMLErrorReporter.reportError(Unknown Source)
	at org.apache.xerces.impl.XMLErrorReporter.reportError(Unknown Source)
	at org.apache.xerces.impl.XMLScanner.reportFatalError(Unknown Source)
	at org.apache.xerces.impl.XMLDocumentScannerImpl$PrologDispatcher.dispatch(Unknown Source)
	at org.apache.xerces.impl.XMLDocumentFragmentScannerImpl.scanDocument(Unknown Source)
	at org.apache.xerces.parsers.XML11Configuration.parse(Unknown Source)
	at org.apache.xerces.parsers.XML11Configuration.parse(Unknown Source)
	at org.apache.xerces.parsers.XMLParser.parse(Unknown Source)
	at org.apache.xerces.parsers.AbstractSAXParser.parse(Unknown Source)
	at org.apache.xerces.jaxp.SAXParserImpl$JAXPSAXParser.parse(Unknown Source)
	at org.jdom.input.SAXBuilder.build(SAXBuilder.java:489)
	... 4 more
Caused by: 
org.xml.sax.SAXParseException: Content is not allowed in prolog.
	at org.apache.xerces.util.ErrorHandlerWrapper.createSAXParseException(Unknown Source)
	at org.apache.xerces.util.ErrorHandlerWrapper.fatalError(Unknown Source)
	at org.apache.xerces.impl.XMLErrorReporter.reportError(Unknown Source)
	at org.apache.xerces.impl.XMLErrorReporter.reportError(Unknown Source)
	at org.apache.xerces.impl.XMLErrorReporter.reportError(Unknown Source)
	at org.apache.xerces.impl.XMLScanner.reportFatalError(Unknown Source)
	at org.apache.xerces.impl.XMLDocumentScannerImpl$PrologDispatcher.dispatch(Unknown Source)
	at org.apache.xerces.impl.XMLDocumentFragmentScannerImpl.scanDocument(Unknown Source)
	at org.apache.xerces.parsers.XML11Configuration.parse(Unknown Source)
	at org.apache.xerces.parsers.XML11Configuration.parse(Unknown Source)
	at org.apache.xerces.parsers.XMLParser.parse(Unknown Source)
	at org.apache.xerces.parsers.AbstractSAXParser.parse(Unknown Source)
	at org.apache.xerces.jaxp.SAXParserImpl$JAXPSAXParser.parse(Unknown Source)
	at org.jdom.input.SAXBuilder.build(SAXBuilder.java:489)
	at org.jdom.input.SAXBuilder.build(SAXBuilder.java:888)
	at com.sinosoft.midplat.common.JdomUtil.build(JdomUtil.java:102)
	at com.sinosoft.midplat.common.JdomUtil.build(JdomUtil.java:90)
	at com.sinosoft.midplat.newccb.format.NewCont.main(NewCont.java:286)
16:43:36,788 ERROR common.JdomUtil(105) - xml格式有误，解析失败！
org.jdom.input.JDOMParseException: Error on line 1: Content is not allowed in prolog.
	at org.jdom.input.SAXBuilder.build(SAXBuilder.java:504)
	at org.jdom.input.SAXBuilder.build(SAXBuilder.java:888)
	at com.sinosoft.midplat.common.JdomUtil.build(JdomUtil.java:102)
	at com.sinosoft.midplat.common.JdomUtil.build(JdomUtil.java:90)
	at com.sinosoft.midplat.newccb.format.NewCont.main(NewCont.java:286)
Caused by: org.xml.sax.SAXParseException: Content is not allowed in prolog.
	at org.apache.xerces.util.ErrorHandlerWrapper.createSAXParseException(Unknown Source)
	at org.apache.xerces.util.ErrorHandlerWrapper.fatalError(Unknown Source)
	at org.apache.xerces.impl.XMLErrorReporter.reportError(Unknown Source)
	at org.apache.xerces.impl.XMLErrorReporter.reportError(Unknown Source)
	at org.apache.xerces.impl.XMLErrorReporter.reportError(Unknown Source)
	at org.apache.xerces.impl.XMLScanner.reportFatalError(Unknown Source)
	at org.apache.xerces.impl.XMLDocumentScannerImpl$PrologDispatcher.dispatch(Unknown Source)
	at org.apache.xerces.impl.XMLDocumentFragmentScannerImpl.scanDocument(Unknown Source)
	at org.apache.xerces.parsers.XML11Configuration.parse(Unknown Source)
	at org.apache.xerces.parsers.XML11Configuration.parse(Unknown Source)
	at org.apache.xerces.parsers.XMLParser.parse(Unknown Source)
	at org.apache.xerces.parsers.AbstractSAXParser.parse(Unknown Source)
	at org.apache.xerces.jaxp.SAXParserImpl$JAXPSAXParser.parse(Unknown Source)
	at org.jdom.input.SAXBuilder.build(SAXBuilder.java:489)
	... 4 more
Caused by: 
org.xml.sax.SAXParseException: Content is not allowed in prolog.
	at org.apache.xerces.util.ErrorHandlerWrapper.createSAXParseException(Unknown Source)
	at org.apache.xerces.util.ErrorHandlerWrapper.fatalError(Unknown Source)
	at org.apache.xerces.impl.XMLErrorReporter.reportError(Unknown Source)
	at org.apache.xerces.impl.XMLErrorReporter.reportError(Unknown Source)
	at org.apache.xerces.impl.XMLErrorReporter.reportError(Unknown Source)
	at org.apache.xerces.impl.XMLScanner.reportFatalError(Unknown Source)
	at org.apache.xerces.impl.XMLDocumentScannerImpl$PrologDispatcher.dispatch(Unknown Source)
	at org.apache.xerces.impl.XMLDocumentFragmentScannerImpl.scanDocument(Unknown Source)
	at org.apache.xerces.parsers.XML11Configuration.parse(Unknown Source)
	at org.apache.xerces.parsers.XML11Configuration.parse(Unknown Source)
	at org.apache.xerces.parsers.XMLParser.parse(Unknown Source)
	at org.apache.xerces.parsers.AbstractSAXParser.parse(Unknown Source)
	at org.apache.xerces.jaxp.SAXParserImpl$JAXPSAXParser.parse(Unknown Source)
	at org.jdom.input.SAXBuilder.build(SAXBuilder.java:489)
	at org.jdom.input.SAXBuilder.build(SAXBuilder.java:888)
	at com.sinosoft.midplat.common.JdomUtil.build(JdomUtil.java:102)
	at com.sinosoft.midplat.common.JdomUtil.build(JdomUtil.java:90)
	at com.sinosoft.midplat.newccb.format.NewCont.main(NewCont.java:286)
16:51:04,842 ERROR common.JdomUtil(105) - xml格式有误，解析失败！
org.jdom.input.JDOMParseException: Error on line 1: Content is not allowed in prolog.
	at org.jdom.input.SAXBuilder.build(SAXBuilder.java:504)
	at org.jdom.input.SAXBuilder.build(SAXBuilder.java:888)
	at com.sinosoft.midplat.common.JdomUtil.build(JdomUtil.java:102)
	at com.sinosoft.midplat.common.JdomUtil.build(JdomUtil.java:90)
	at com.sinosoft.midplat.newccb.format.NewCont.main(NewCont.java:286)
Caused by: org.xml.sax.SAXParseException: Content is not allowed in prolog.
	at org.apache.xerces.util.ErrorHandlerWrapper.createSAXParseException(Unknown Source)
	at org.apache.xerces.util.ErrorHandlerWrapper.fatalError(Unknown Source)
	at org.apache.xerces.impl.XMLErrorReporter.reportError(Unknown Source)
	at org.apache.xerces.impl.XMLErrorReporter.reportError(Unknown Source)
	at org.apache.xerces.impl.XMLErrorReporter.reportError(Unknown Source)
	at org.apache.xerces.impl.XMLScanner.reportFatalError(Unknown Source)
	at org.apache.xerces.impl.XMLDocumentScannerImpl$PrologDispatcher.dispatch(Unknown Source)
	at org.apache.xerces.impl.XMLDocumentFragmentScannerImpl.scanDocument(Unknown Source)
	at org.apache.xerces.parsers.XML11Configuration.parse(Unknown Source)
	at org.apache.xerces.parsers.XML11Configuration.parse(Unknown Source)
	at org.apache.xerces.parsers.XMLParser.parse(Unknown Source)
	at org.apache.xerces.parsers.AbstractSAXParser.parse(Unknown Source)
	at org.apache.xerces.jaxp.SAXParserImpl$JAXPSAXParser.parse(Unknown Source)
	at org.jdom.input.SAXBuilder.build(SAXBuilder.java:489)
	... 4 more
Caused by: 
org.xml.sax.SAXParseException: Content is not allowed in prolog.
	at org.apache.xerces.util.ErrorHandlerWrapper.createSAXParseException(Unknown Source)
	at org.apache.xerces.util.ErrorHandlerWrapper.fatalError(Unknown Source)
	at org.apache.xerces.impl.XMLErrorReporter.reportError(Unknown Source)
	at org.apache.xerces.impl.XMLErrorReporter.reportError(Unknown Source)
	at org.apache.xerces.impl.XMLErrorReporter.reportError(Unknown Source)
	at org.apache.xerces.impl.XMLScanner.reportFatalError(Unknown Source)
	at org.apache.xerces.impl.XMLDocumentScannerImpl$PrologDispatcher.dispatch(Unknown Source)
	at org.apache.xerces.impl.XMLDocumentFragmentScannerImpl.scanDocument(Unknown Source)
	at org.apache.xerces.parsers.XML11Configuration.parse(Unknown Source)
	at org.apache.xerces.parsers.XML11Configuration.parse(Unknown Source)
	at org.apache.xerces.parsers.XMLParser.parse(Unknown Source)
	at org.apache.xerces.parsers.AbstractSAXParser.parse(Unknown Source)
	at org.apache.xerces.jaxp.SAXParserImpl$JAXPSAXParser.parse(Unknown Source)
	at org.jdom.input.SAXBuilder.build(SAXBuilder.java:489)
	at org.jdom.input.SAXBuilder.build(SAXBuilder.java:888)
	at com.sinosoft.midplat.common.JdomUtil.build(JdomUtil.java:102)
	at com.sinosoft.midplat.common.JdomUtil.build(JdomUtil.java:90)
	at com.sinosoft.midplat.newccb.format.NewCont.main(NewCont.java:286)
16:51:04,846 INFO format.NewCont(68) - Into NewCont.noStd2Std()...
16:53:47,934 ERROR common.JdomUtil(105) - xml格式有误，解析失败！
org.jdom.input.JDOMParseException: Error on line 1: Content is not allowed in prolog.
	at org.jdom.input.SAXBuilder.build(SAXBuilder.java:504)
	at org.jdom.input.SAXBuilder.build(SAXBuilder.java:888)
	at com.sinosoft.midplat.common.JdomUtil.build(JdomUtil.java:102)
	at com.sinosoft.midplat.common.JdomUtil.build(JdomUtil.java:90)
	at com.sinosoft.midplat.newccb.format.NewCont.main(NewCont.java:286)
Caused by: org.xml.sax.SAXParseException: Content is not allowed in prolog.
	at org.apache.xerces.util.ErrorHandlerWrapper.createSAXParseException(Unknown Source)
	at org.apache.xerces.util.ErrorHandlerWrapper.fatalError(Unknown Source)
	at org.apache.xerces.impl.XMLErrorReporter.reportError(Unknown Source)
	at org.apache.xerces.impl.XMLErrorReporter.reportError(Unknown Source)
	at org.apache.xerces.impl.XMLErrorReporter.reportError(Unknown Source)
	at org.apache.xerces.impl.XMLScanner.reportFatalError(Unknown Source)
	at org.apache.xerces.impl.XMLDocumentScannerImpl$PrologDispatcher.dispatch(Unknown Source)
	at org.apache.xerces.impl.XMLDocumentFragmentScannerImpl.scanDocument(Unknown Source)
	at org.apache.xerces.parsers.XML11Configuration.parse(Unknown Source)
	at org.apache.xerces.parsers.XML11Configuration.parse(Unknown Source)
	at org.apache.xerces.parsers.XMLParser.parse(Unknown Source)
	at org.apache.xerces.parsers.AbstractSAXParser.parse(Unknown Source)
	at org.apache.xerces.jaxp.SAXParserImpl$JAXPSAXParser.parse(Unknown Source)
	at org.jdom.input.SAXBuilder.build(SAXBuilder.java:489)
	... 4 more
Caused by: 
org.xml.sax.SAXParseException: Content is not allowed in prolog.
	at org.apache.xerces.util.ErrorHandlerWrapper.createSAXParseException(Unknown Source)
	at org.apache.xerces.util.ErrorHandlerWrapper.fatalError(Unknown Source)
	at org.apache.xerces.impl.XMLErrorReporter.reportError(Unknown Source)
	at org.apache.xerces.impl.XMLErrorReporter.reportError(Unknown Source)
	at org.apache.xerces.impl.XMLErrorReporter.reportError(Unknown Source)
	at org.apache.xerces.impl.XMLScanner.reportFatalError(Unknown Source)
	at org.apache.xerces.impl.XMLDocumentScannerImpl$PrologDispatcher.dispatch(Unknown Source)
	at org.apache.xerces.impl.XMLDocumentFragmentScannerImpl.scanDocument(Unknown Source)
	at org.apache.xerces.parsers.XML11Configuration.parse(Unknown Source)
	at org.apache.xerces.parsers.XML11Configuration.parse(Unknown Source)
	at org.apache.xerces.parsers.XMLParser.parse(Unknown Source)
	at org.apache.xerces.parsers.AbstractSAXParser.parse(Unknown Source)
	at org.apache.xerces.jaxp.SAXParserImpl$JAXPSAXParser.parse(Unknown Source)
	at org.jdom.input.SAXBuilder.build(SAXBuilder.java:489)
	at org.jdom.input.SAXBuilder.build(SAXBuilder.java:888)
	at com.sinosoft.midplat.common.JdomUtil.build(JdomUtil.java:102)
	at com.sinosoft.midplat.common.JdomUtil.build(JdomUtil.java:90)
	at com.sinosoft.midplat.newccb.format.NewCont.main(NewCont.java:286)
16:53:47,947 INFO format.NewCont(68) - Into NewCont.noStd2Std()...
16:54:31,780 ERROR common.JdomUtil(105) - xml格式有误，解析失败！
org.jdom.input.JDOMParseException: Error on line 1: Content is not allowed in prolog.
	at org.jdom.input.SAXBuilder.build(SAXBuilder.java:504)
	at org.jdom.input.SAXBuilder.build(SAXBuilder.java:888)
	at com.sinosoft.midplat.common.JdomUtil.build(JdomUtil.java:102)
	at com.sinosoft.midplat.common.JdomUtil.build(JdomUtil.java:90)
	at com.sinosoft.midplat.newccb.format.NewCont.main(NewCont.java:286)
Caused by: org.xml.sax.SAXParseException: Content is not allowed in prolog.
	at org.apache.xerces.util.ErrorHandlerWrapper.createSAXParseException(Unknown Source)
	at org.apache.xerces.util.ErrorHandlerWrapper.fatalError(Unknown Source)
	at org.apache.xerces.impl.XMLErrorReporter.reportError(Unknown Source)
	at org.apache.xerces.impl.XMLErrorReporter.reportError(Unknown Source)
	at org.apache.xerces.impl.XMLErrorReporter.reportError(Unknown Source)
	at org.apache.xerces.impl.XMLScanner.reportFatalError(Unknown Source)
	at org.apache.xerces.impl.XMLDocumentScannerImpl$PrologDispatcher.dispatch(Unknown Source)
	at org.apache.xerces.impl.XMLDocumentFragmentScannerImpl.scanDocument(Unknown Source)
	at org.apache.xerces.parsers.XML11Configuration.parse(Unknown Source)
	at org.apache.xerces.parsers.XML11Configuration.parse(Unknown Source)
	at org.apache.xerces.parsers.XMLParser.parse(Unknown Source)
	at org.apache.xerces.parsers.AbstractSAXParser.parse(Unknown Source)
	at org.apache.xerces.jaxp.SAXParserImpl$JAXPSAXParser.parse(Unknown Source)
	at org.jdom.input.SAXBuilder.build(SAXBuilder.java:489)
	... 4 more
Caused by: 
org.xml.sax.SAXParseException: Content is not allowed in prolog.
	at org.apache.xerces.util.ErrorHandlerWrapper.createSAXParseException(Unknown Source)
	at org.apache.xerces.util.ErrorHandlerWrapper.fatalError(Unknown Source)
	at org.apache.xerces.impl.XMLErrorReporter.reportError(Unknown Source)
	at org.apache.xerces.impl.XMLErrorReporter.reportError(Unknown Source)
	at org.apache.xerces.impl.XMLErrorReporter.reportError(Unknown Source)
	at org.apache.xerces.impl.XMLScanner.reportFatalError(Unknown Source)
	at org.apache.xerces.impl.XMLDocumentScannerImpl$PrologDispatcher.dispatch(Unknown Source)
	at org.apache.xerces.impl.XMLDocumentFragmentScannerImpl.scanDocument(Unknown Source)
	at org.apache.xerces.parsers.XML11Configuration.parse(Unknown Source)
	at org.apache.xerces.parsers.XML11Configuration.parse(Unknown Source)
	at org.apache.xerces.parsers.XMLParser.parse(Unknown Source)
	at org.apache.xerces.parsers.AbstractSAXParser.parse(Unknown Source)
	at org.apache.xerces.jaxp.SAXParserImpl$JAXPSAXParser.parse(Unknown Source)
	at org.jdom.input.SAXBuilder.build(SAXBuilder.java:489)
	at org.jdom.input.SAXBuilder.build(SAXBuilder.java:888)
	at com.sinosoft.midplat.common.JdomUtil.build(JdomUtil.java:102)
	at com.sinosoft.midplat.common.JdomUtil.build(JdomUtil.java:90)
	at com.sinosoft.midplat.newccb.format.NewCont.main(NewCont.java:286)
16:54:31,780 INFO format.NewCont(68) - Into NewCont.noStd2Std()...
16:56:09,711 ERROR common.JdomUtil(105) - xml格式有误，解析失败！
org.jdom.input.JDOMParseException: Error on line 1: Content is not allowed in prolog.
	at org.jdom.input.SAXBuilder.build(SAXBuilder.java:504)
	at org.jdom.input.SAXBuilder.build(SAXBuilder.java:888)
	at com.sinosoft.midplat.common.JdomUtil.build(JdomUtil.java:102)
	at com.sinosoft.midplat.common.JdomUtil.build(JdomUtil.java:90)
	at com.sinosoft.midplat.newccb.format.NewCont.main(NewCont.java:286)
Caused by: org.xml.sax.SAXParseException: Content is not allowed in prolog.
	at org.apache.xerces.util.ErrorHandlerWrapper.createSAXParseException(Unknown Source)
	at org.apache.xerces.util.ErrorHandlerWrapper.fatalError(Unknown Source)
	at org.apache.xerces.impl.XMLErrorReporter.reportError(Unknown Source)
	at org.apache.xerces.impl.XMLErrorReporter.reportError(Unknown Source)
	at org.apache.xerces.impl.XMLErrorReporter.reportError(Unknown Source)
	at org.apache.xerces.impl.XMLScanner.reportFatalError(Unknown Source)
	at org.apache.xerces.impl.XMLDocumentScannerImpl$PrologDispatcher.dispatch(Unknown Source)
	at org.apache.xerces.impl.XMLDocumentFragmentScannerImpl.scanDocument(Unknown Source)
	at org.apache.xerces.parsers.XML11Configuration.parse(Unknown Source)
	at org.apache.xerces.parsers.XML11Configuration.parse(Unknown Source)
	at org.apache.xerces.parsers.XMLParser.parse(Unknown Source)
	at org.apache.xerces.parsers.AbstractSAXParser.parse(Unknown Source)
	at org.apache.xerces.jaxp.SAXParserImpl$JAXPSAXParser.parse(Unknown Source)
	at org.jdom.input.SAXBuilder.build(SAXBuilder.java:489)
	... 4 more
Caused by: 
org.xml.sax.SAXParseException: Content is not allowed in prolog.
	at org.apache.xerces.util.ErrorHandlerWrapper.createSAXParseException(Unknown Source)
	at org.apache.xerces.util.ErrorHandlerWrapper.fatalError(Unknown Source)
	at org.apache.xerces.impl.XMLErrorReporter.reportError(Unknown Source)
	at org.apache.xerces.impl.XMLErrorReporter.reportError(Unknown Source)
	at org.apache.xerces.impl.XMLErrorReporter.reportError(Unknown Source)
	at org.apache.xerces.impl.XMLScanner.reportFatalError(Unknown Source)
	at org.apache.xerces.impl.XMLDocumentScannerImpl$PrologDispatcher.dispatch(Unknown Source)
	at org.apache.xerces.impl.XMLDocumentFragmentScannerImpl.scanDocument(Unknown Source)
	at org.apache.xerces.parsers.XML11Configuration.parse(Unknown Source)
	at org.apache.xerces.parsers.XML11Configuration.parse(Unknown Source)
	at org.apache.xerces.parsers.XMLParser.parse(Unknown Source)
	at org.apache.xerces.parsers.AbstractSAXParser.parse(Unknown Source)
	at org.apache.xerces.jaxp.SAXParserImpl$JAXPSAXParser.parse(Unknown Source)
	at org.jdom.input.SAXBuilder.build(SAXBuilder.java:489)
	at org.jdom.input.SAXBuilder.build(SAXBuilder.java:888)
	at com.sinosoft.midplat.common.JdomUtil.build(JdomUtil.java:102)
	at com.sinosoft.midplat.common.JdomUtil.build(JdomUtil.java:90)
	at com.sinosoft.midplat.newccb.format.NewCont.main(NewCont.java:286)
16:56:09,721 INFO format.NewCont(68) - Into NewCont.noStd2Std()...
16:56:24,930 ERROR common.JdomUtil(105) - xml格式有误，解析失败！
org.jdom.input.JDOMParseException: Error on line 1: Content is not allowed in prolog.
	at org.jdom.input.SAXBuilder.build(SAXBuilder.java:504)
	at org.jdom.input.SAXBuilder.build(SAXBuilder.java:888)
	at com.sinosoft.midplat.common.JdomUtil.build(JdomUtil.java:102)
	at com.sinosoft.midplat.common.JdomUtil.build(JdomUtil.java:90)
	at com.sinosoft.midplat.newccb.format.NewCont.main(NewCont.java:286)
Caused by: org.xml.sax.SAXParseException: Content is not allowed in prolog.
	at org.apache.xerces.util.ErrorHandlerWrapper.createSAXParseException(Unknown Source)
	at org.apache.xerces.util.ErrorHandlerWrapper.fatalError(Unknown Source)
	at org.apache.xerces.impl.XMLErrorReporter.reportError(Unknown Source)
	at org.apache.xerces.impl.XMLErrorReporter.reportError(Unknown Source)
	at org.apache.xerces.impl.XMLErrorReporter.reportError(Unknown Source)
	at org.apache.xerces.impl.XMLScanner.reportFatalError(Unknown Source)
	at org.apache.xerces.impl.XMLDocumentScannerImpl$PrologDispatcher.dispatch(Unknown Source)
	at org.apache.xerces.impl.XMLDocumentFragmentScannerImpl.scanDocument(Unknown Source)
	at org.apache.xerces.parsers.XML11Configuration.parse(Unknown Source)
	at org.apache.xerces.parsers.XML11Configuration.parse(Unknown Source)
	at org.apache.xerces.parsers.XMLParser.parse(Unknown Source)
	at org.apache.xerces.parsers.AbstractSAXParser.parse(Unknown Source)
	at org.apache.xerces.jaxp.SAXParserImpl$JAXPSAXParser.parse(Unknown Source)
	at org.jdom.input.SAXBuilder.build(SAXBuilder.java:489)
	... 4 more
Caused by: 
org.xml.sax.SAXParseException: Content is not allowed in prolog.
	at org.apache.xerces.util.ErrorHandlerWrapper.createSAXParseException(Unknown Source)
	at org.apache.xerces.util.ErrorHandlerWrapper.fatalError(Unknown Source)
	at org.apache.xerces.impl.XMLErrorReporter.reportError(Unknown Source)
	at org.apache.xerces.impl.XMLErrorReporter.reportError(Unknown Source)
	at org.apache.xerces.impl.XMLErrorReporter.reportError(Unknown Source)
	at org.apache.xerces.impl.XMLScanner.reportFatalError(Unknown Source)
	at org.apache.xerces.impl.XMLDocumentScannerImpl$PrologDispatcher.dispatch(Unknown Source)
	at org.apache.xerces.impl.XMLDocumentFragmentScannerImpl.scanDocument(Unknown Source)
	at org.apache.xerces.parsers.XML11Configuration.parse(Unknown Source)
	at org.apache.xerces.parsers.XML11Configuration.parse(Unknown Source)
	at org.apache.xerces.parsers.XMLParser.parse(Unknown Source)
	at org.apache.xerces.parsers.AbstractSAXParser.parse(Unknown Source)
	at org.apache.xerces.jaxp.SAXParserImpl$JAXPSAXParser.parse(Unknown Source)
	at org.jdom.input.SAXBuilder.build(SAXBuilder.java:489)
	at org.jdom.input.SAXBuilder.build(SAXBuilder.java:888)
	at com.sinosoft.midplat.common.JdomUtil.build(JdomUtil.java:102)
	at com.sinosoft.midplat.common.JdomUtil.build(JdomUtil.java:90)
	at com.sinosoft.midplat.newccb.format.NewCont.main(NewCont.java:286)
16:56:24,930 INFO format.NewCont(68) - Into NewCont.noStd2Std()...
16:56:45,034 ERROR common.JdomUtil(105) - xml格式有误，解析失败！
org.jdom.input.JDOMParseException: Error on line 1: Content is not allowed in prolog.
	at org.jdom.input.SAXBuilder.build(SAXBuilder.java:504)
	at org.jdom.input.SAXBuilder.build(SAXBuilder.java:888)
	at com.sinosoft.midplat.common.JdomUtil.build(JdomUtil.java:102)
	at com.sinosoft.midplat.common.JdomUtil.build(JdomUtil.java:90)
	at com.sinosoft.midplat.newccb.format.NewCont.main(NewCont.java:286)
Caused by: org.xml.sax.SAXParseException: Content is not allowed in prolog.
	at org.apache.xerces.util.ErrorHandlerWrapper.createSAXParseException(Unknown Source)
	at org.apache.xerces.util.ErrorHandlerWrapper.fatalError(Unknown Source)
	at org.apache.xerces.impl.XMLErrorReporter.reportError(Unknown Source)
	at org.apache.xerces.impl.XMLErrorReporter.reportError(Unknown Source)
	at org.apache.xerces.impl.XMLErrorReporter.reportError(Unknown Source)
	at org.apache.xerces.impl.XMLScanner.reportFatalError(Unknown Source)
	at org.apache.xerces.impl.XMLDocumentScannerImpl$PrologDispatcher.dispatch(Unknown Source)
	at org.apache.xerces.impl.XMLDocumentFragmentScannerImpl.scanDocument(Unknown Source)
	at org.apache.xerces.parsers.XML11Configuration.parse(Unknown Source)
	at org.apache.xerces.parsers.XML11Configuration.parse(Unknown Source)
	at org.apache.xerces.parsers.XMLParser.parse(Unknown Source)
	at org.apache.xerces.parsers.AbstractSAXParser.parse(Unknown Source)
	at org.apache.xerces.jaxp.SAXParserImpl$JAXPSAXParser.parse(Unknown Source)
	at org.jdom.input.SAXBuilder.build(SAXBuilder.java:489)
	... 4 more
Caused by: 
org.xml.sax.SAXParseException: Content is not allowed in prolog.
	at org.apache.xerces.util.ErrorHandlerWrapper.createSAXParseException(Unknown Source)
	at org.apache.xerces.util.ErrorHandlerWrapper.fatalError(Unknown Source)
	at org.apache.xerces.impl.XMLErrorReporter.reportError(Unknown Source)
	at org.apache.xerces.impl.XMLErrorReporter.reportError(Unknown Source)
	at org.apache.xerces.impl.XMLErrorReporter.reportError(Unknown Source)
	at org.apache.xerces.impl.XMLScanner.reportFatalError(Unknown Source)
	at org.apache.xerces.impl.XMLDocumentScannerImpl$PrologDispatcher.dispatch(Unknown Source)
	at org.apache.xerces.impl.XMLDocumentFragmentScannerImpl.scanDocument(Unknown Source)
	at org.apache.xerces.parsers.XML11Configuration.parse(Unknown Source)
	at org.apache.xerces.parsers.XML11Configuration.parse(Unknown Source)
	at org.apache.xerces.parsers.XMLParser.parse(Unknown Source)
	at org.apache.xerces.parsers.AbstractSAXParser.parse(Unknown Source)
	at org.apache.xerces.jaxp.SAXParserImpl$JAXPSAXParser.parse(Unknown Source)
	at org.jdom.input.SAXBuilder.build(SAXBuilder.java:489)
	at org.jdom.input.SAXBuilder.build(SAXBuilder.java:888)
	at com.sinosoft.midplat.common.JdomUtil.build(JdomUtil.java:102)
	at com.sinosoft.midplat.common.JdomUtil.build(JdomUtil.java:90)
	at com.sinosoft.midplat.newccb.format.NewCont.main(NewCont.java:286)
16:56:45,038 INFO format.NewCont(68) - Into NewCont.noStd2Std()...
16:57:13,939 ERROR common.JdomUtil(105) - xml格式有误，解析失败！
org.jdom.input.JDOMParseException: Error on line 1: Content is not allowed in prolog.
	at org.jdom.input.SAXBuilder.build(SAXBuilder.java:504)
	at org.jdom.input.SAXBuilder.build(SAXBuilder.java:888)
	at com.sinosoft.midplat.common.JdomUtil.build(JdomUtil.java:102)
	at com.sinosoft.midplat.common.JdomUtil.build(JdomUtil.java:90)
	at com.sinosoft.midplat.newccb.format.NewCont.main(NewCont.java:286)
Caused by: org.xml.sax.SAXParseException: Content is not allowed in prolog.
	at org.apache.xerces.util.ErrorHandlerWrapper.createSAXParseException(Unknown Source)
	at org.apache.xerces.util.ErrorHandlerWrapper.fatalError(Unknown Source)
	at org.apache.xerces.impl.XMLErrorReporter.reportError(Unknown Source)
	at org.apache.xerces.impl.XMLErrorReporter.reportError(Unknown Source)
	at org.apache.xerces.impl.XMLErrorReporter.reportError(Unknown Source)
	at org.apache.xerces.impl.XMLScanner.reportFatalError(Unknown Source)
	at org.apache.xerces.impl.XMLDocumentScannerImpl$PrologDispatcher.dispatch(Unknown Source)
	at org.apache.xerces.impl.XMLDocumentFragmentScannerImpl.scanDocument(Unknown Source)
	at org.apache.xerces.parsers.XML11Configuration.parse(Unknown Source)
	at org.apache.xerces.parsers.XML11Configuration.parse(Unknown Source)
	at org.apache.xerces.parsers.XMLParser.parse(Unknown Source)
	at org.apache.xerces.parsers.AbstractSAXParser.parse(Unknown Source)
	at org.apache.xerces.jaxp.SAXParserImpl$JAXPSAXParser.parse(Unknown Source)
	at org.jdom.input.SAXBuilder.build(SAXBuilder.java:489)
	... 4 more
Caused by: 
org.xml.sax.SAXParseException: Content is not allowed in prolog.
	at org.apache.xerces.util.ErrorHandlerWrapper.createSAXParseException(Unknown Source)
	at org.apache.xerces.util.ErrorHandlerWrapper.fatalError(Unknown Source)
	at org.apache.xerces.impl.XMLErrorReporter.reportError(Unknown Source)
	at org.apache.xerces.impl.XMLErrorReporter.reportError(Unknown Source)
	at org.apache.xerces.impl.XMLErrorReporter.reportError(Unknown Source)
	at org.apache.xerces.impl.XMLScanner.reportFatalError(Unknown Source)
	at org.apache.xerces.impl.XMLDocumentScannerImpl$PrologDispatcher.dispatch(Unknown Source)
	at org.apache.xerces.impl.XMLDocumentFragmentScannerImpl.scanDocument(Unknown Source)
	at org.apache.xerces.parsers.XML11Configuration.parse(Unknown Source)
	at org.apache.xerces.parsers.XML11Configuration.parse(Unknown Source)
	at org.apache.xerces.parsers.XMLParser.parse(Unknown Source)
	at org.apache.xerces.parsers.AbstractSAXParser.parse(Unknown Source)
	at org.apache.xerces.jaxp.SAXParserImpl$JAXPSAXParser.parse(Unknown Source)
	at org.jdom.input.SAXBuilder.build(SAXBuilder.java:489)
	at org.jdom.input.SAXBuilder.build(SAXBuilder.java:888)
	at com.sinosoft.midplat.common.JdomUtil.build(JdomUtil.java:102)
	at com.sinosoft.midplat.common.JdomUtil.build(JdomUtil.java:90)
	at com.sinosoft.midplat.newccb.format.NewCont.main(NewCont.java:286)
16:57:13,944 INFO format.NewCont(68) - Into NewCont.noStd2Std()...
17:11:35,475 ERROR common.JdomUtil(107) - xml格式有误，解析失败！
org.jdom.input.JDOMParseException: Error on line 1: Content is not allowed in prolog.
	at org.jdom.input.SAXBuilder.build(SAXBuilder.java:504)
	at org.jdom.input.SAXBuilder.build(SAXBuilder.java:888)
	at com.sinosoft.midplat.common.JdomUtil.build(JdomUtil.java:104)
	at com.sinosoft.midplat.common.JdomUtil.build(JdomUtil.java:92)
	at test.JDOMTest.main(JDOMTest.java:17)
Caused by: org.xml.sax.SAXParseException: Content is not allowed in prolog.
	at com.sun.org.apache.xerces.internal.util.ErrorHandlerWrapper.createSAXParseException(ErrorHandlerWrapper.java:195)
	at com.sun.org.apache.xerces.internal.util.ErrorHandlerWrapper.fatalError(ErrorHandlerWrapper.java:174)
	at com.sun.org.apache.xerces.internal.impl.XMLErrorReporter.reportError(XMLErrorReporter.java:388)
	at com.sun.org.apache.xerces.internal.impl.XMLScanner.reportFatalError(XMLScanner.java:1427)
	at com.sun.org.apache.xerces.internal.impl.XMLDocumentScannerImpl$PrologDriver.next(XMLDocumentScannerImpl.java:1036)
	at com.sun.org.apache.xerces.internal.impl.XMLDocumentScannerImpl.next(XMLDocumentScannerImpl.java:647)
	at com.sun.org.apache.xerces.internal.impl.XMLNSDocumentScannerImpl.next(XMLNSDocumentScannerImpl.java:140)
	at com.sun.org.apache.xerces.internal.impl.XMLDocumentFragmentScannerImpl.scanDocument(XMLDocumentFragmentScannerImpl.java:511)
	at com.sun.org.apache.xerces.internal.parsers.XML11Configuration.parse(XML11Configuration.java:808)
	at com.sun.org.apache.xerces.internal.parsers.XML11Configuration.parse(XML11Configuration.java:737)
	at com.sun.org.apache.xerces.internal.parsers.XMLParser.parse(XMLParser.java:119)
	at com.sun.org.apache.xerces.internal.parsers.AbstractSAXParser.parse(AbstractSAXParser.java:1205)
	at com.sun.org.apache.xerces.internal.jaxp.SAXParserImpl$JAXPSAXParser.parse(SAXParserImpl.java:522)
	at org.jdom.input.SAXBuilder.build(SAXBuilder.java:489)
	... 4 more
Caused by: 
org.xml.sax.SAXParseException: Content is not allowed in prolog.
	at com.sun.org.apache.xerces.internal.util.ErrorHandlerWrapper.createSAXParseException(ErrorHandlerWrapper.java:195)
	at com.sun.org.apache.xerces.internal.util.ErrorHandlerWrapper.fatalError(ErrorHandlerWrapper.java:174)
	at com.sun.org.apache.xerces.internal.impl.XMLErrorReporter.reportError(XMLErrorReporter.java:388)
	at com.sun.org.apache.xerces.internal.impl.XMLScanner.reportFatalError(XMLScanner.java:1427)
	at com.sun.org.apache.xerces.internal.impl.XMLDocumentScannerImpl$PrologDriver.next(XMLDocumentScannerImpl.java:1036)
	at com.sun.org.apache.xerces.internal.impl.XMLDocumentScannerImpl.next(XMLDocumentScannerImpl.java:647)
	at com.sun.org.apache.xerces.internal.impl.XMLNSDocumentScannerImpl.next(XMLNSDocumentScannerImpl.java:140)
	at com.sun.org.apache.xerces.internal.impl.XMLDocumentFragmentScannerImpl.scanDocument(XMLDocumentFragmentScannerImpl.java:511)
	at com.sun.org.apache.xerces.internal.parsers.XML11Configuration.parse(XML11Configuration.java:808)
	at com.sun.org.apache.xerces.internal.parsers.XML11Configuration.parse(XML11Configuration.java:737)
	at com.sun.org.apache.xerces.internal.parsers.XMLParser.parse(XMLParser.java:119)
	at com.sun.org.apache.xerces.internal.parsers.AbstractSAXParser.parse(AbstractSAXParser.java:1205)
	at com.sun.org.apache.xerces.internal.jaxp.SAXParserImpl$JAXPSAXParser.parse(SAXParserImpl.java:522)
	at org.jdom.input.SAXBuilder.build(SAXBuilder.java:489)
	at org.jdom.input.SAXBuilder.build(SAXBuilder.java:888)
	at com.sinosoft.midplat.common.JdomUtil.build(JdomUtil.java:104)
	at com.sinosoft.midplat.common.JdomUtil.build(JdomUtil.java:92)
	at test.JDOMTest.main(JDOMTest.java:17)
17:12:18,181 ERROR common.JdomUtil(107) - xml格式有误，解析失败！
org.jdom.input.JDOMParseException: Error on line 1: Content is not allowed in prolog.
	at org.jdom.input.SAXBuilder.build(SAXBuilder.java:504)
	at org.jdom.input.SAXBuilder.build(SAXBuilder.java:888)
	at com.sinosoft.midplat.common.JdomUtil.build(JdomUtil.java:104)
	at com.sinosoft.midplat.common.JdomUtil.build(JdomUtil.java:92)
	at test.JDOMTest.main(JDOMTest.java:17)
Caused by: org.xml.sax.SAXParseException: Content is not allowed in prolog.
	at com.sun.org.apache.xerces.internal.util.ErrorHandlerWrapper.createSAXParseException(ErrorHandlerWrapper.java:195)
	at com.sun.org.apache.xerces.internal.util.ErrorHandlerWrapper.fatalError(ErrorHandlerWrapper.java:174)
	at com.sun.org.apache.xerces.internal.impl.XMLErrorReporter.reportError(XMLErrorReporter.java:388)
	at com.sun.org.apache.xerces.internal.impl.XMLScanner.reportFatalError(XMLScanner.java:1427)
	at com.sun.org.apache.xerces.internal.impl.XMLDocumentScannerImpl$PrologDriver.next(XMLDocumentScannerImpl.java:1036)
	at com.sun.org.apache.xerces.internal.impl.XMLDocumentScannerImpl.next(XMLDocumentScannerImpl.java:647)
	at com.sun.org.apache.xerces.internal.impl.XMLNSDocumentScannerImpl.next(XMLNSDocumentScannerImpl.java:140)
	at com.sun.org.apache.xerces.internal.impl.XMLDocumentFragmentScannerImpl.scanDocument(XMLDocumentFragmentScannerImpl.java:511)
	at com.sun.org.apache.xerces.internal.parsers.XML11Configuration.parse(XML11Configuration.java:808)
	at com.sun.org.apache.xerces.internal.parsers.XML11Configuration.parse(XML11Configuration.java:737)
	at com.sun.org.apache.xerces.internal.parsers.XMLParser.parse(XMLParser.java:119)
	at com.sun.org.apache.xerces.internal.parsers.AbstractSAXParser.parse(AbstractSAXParser.java:1205)
	at com.sun.org.apache.xerces.internal.jaxp.SAXParserImpl$JAXPSAXParser.parse(SAXParserImpl.java:522)
	at org.jdom.input.SAXBuilder.build(SAXBuilder.java:489)
	... 4 more
Caused by: 
org.xml.sax.SAXParseException: Content is not allowed in prolog.
	at com.sun.org.apache.xerces.internal.util.ErrorHandlerWrapper.createSAXParseException(ErrorHandlerWrapper.java:195)
	at com.sun.org.apache.xerces.internal.util.ErrorHandlerWrapper.fatalError(ErrorHandlerWrapper.java:174)
	at com.sun.org.apache.xerces.internal.impl.XMLErrorReporter.reportError(XMLErrorReporter.java:388)
	at com.sun.org.apache.xerces.internal.impl.XMLScanner.reportFatalError(XMLScanner.java:1427)
	at com.sun.org.apache.xerces.internal.impl.XMLDocumentScannerImpl$PrologDriver.next(XMLDocumentScannerImpl.java:1036)
	at com.sun.org.apache.xerces.internal.impl.XMLDocumentScannerImpl.next(XMLDocumentScannerImpl.java:647)
	at com.sun.org.apache.xerces.internal.impl.XMLNSDocumentScannerImpl.next(XMLNSDocumentScannerImpl.java:140)
	at com.sun.org.apache.xerces.internal.impl.XMLDocumentFragmentScannerImpl.scanDocument(XMLDocumentFragmentScannerImpl.java:511)
	at com.sun.org.apache.xerces.internal.parsers.XML11Configuration.parse(XML11Configuration.java:808)
	at com.sun.org.apache.xerces.internal.parsers.XML11Configuration.parse(XML11Configuration.java:737)
	at com.sun.org.apache.xerces.internal.parsers.XMLParser.parse(XMLParser.java:119)
	at com.sun.org.apache.xerces.internal.parsers.AbstractSAXParser.parse(AbstractSAXParser.java:1205)
	at com.sun.org.apache.xerces.internal.jaxp.SAXParserImpl$JAXPSAXParser.parse(SAXParserImpl.java:522)
	at org.jdom.input.SAXBuilder.build(SAXBuilder.java:489)
	at org.jdom.input.SAXBuilder.build(SAXBuilder.java:888)
	at com.sinosoft.midplat.common.JdomUtil.build(JdomUtil.java:104)
	at com.sinosoft.midplat.common.JdomUtil.build(JdomUtil.java:92)
	at test.JDOMTest.main(JDOMTest.java:17)
